10:48:06,468 (main) INFO  [DataNucleus.Enhancer] - DataNucleus Enhancer for API "JPA"
10:48:06,664 (main) INFO  [DataNucleus.Enhancer] - DataNucleus Enhancer (version 3.1.1) : Enhancement of classes
10:48:07,086 (main) INFO  [DataNucleus.Enhancer] - Writing class file "C:\work\repository\castillo\target\mesoncastillo\WEB-INF\classes\com\castillo\persist\entities\Album.class" with enhanced definition
10:48:07,096 (main) INFO  [DataNucleus.Enhancer] - Writing class file "C:\work\repository\castillo\target\mesoncastillo\WEB-INF\classes\com\castillo\persist\entities\Imagen.class" with enhanced definition
10:48:07,105 (main) INFO  [DataNucleus.Enhancer] - Writing class file "C:\work\repository\castillo\target\mesoncastillo\WEB-INF\classes\com\castillo\persist\entities\Mensaje.class" with enhanced definition
10:48:07,114 (main) INFO  [DataNucleus.Enhancer] - Writing class file "C:\work\repository\castillo\target\mesoncastillo\WEB-INF\classes\com\castillo\persist\entities\Web.class" with enhanced definition
10:48:07,116 (main) INFO  [DataNucleus.Enhancer] - DataNucleus Enhancer completed with success for 4 classes. Timings : input=346 ms, enhance=102 ms, total=448 ms. Consult the log for full details
10:50:15,611 (main) INFO  [DataNucleus.Enhancer] - DataNucleus Enhancer for API "JPA"
10:50:15,749 (main) INFO  [DataNucleus.Enhancer] - DataNucleus Enhancer (version 3.1.1) : Enhancement of classes
10:50:16,045 (main) INFO  [DataNucleus.Enhancer] - Writing class file "C:\work\repository\castillo\target\mesoncastillo\WEB-INF\classes\com\castillo\persist\entities\Album.class" with enhanced definition
10:50:16,052 (main) INFO  [DataNucleus.Enhancer] - Writing class file "C:\work\repository\castillo\target\mesoncastillo\WEB-INF\classes\com\castillo\persist\entities\Imagen.class" with enhanced definition
10:50:16,060 (main) INFO  [DataNucleus.Enhancer] - Writing class file "C:\work\repository\castillo\target\mesoncastillo\WEB-INF\classes\com\castillo\persist\entities\Mensaje.class" with enhanced definition
10:50:16,067 (main) INFO  [DataNucleus.Enhancer] - Writing class file "C:\work\repository\castillo\target\mesoncastillo\WEB-INF\classes\com\castillo\persist\entities\Web.class" with enhanced definition
10:50:16,069 (main) INFO  [DataNucleus.Enhancer] - DataNucleus Enhancer completed with success for 4 classes. Timings : input=246 ms, enhance=70 ms, total=316 ms. Consult the log for full details
10:51:52,619 (main) INFO  [DataNucleus.Enhancer] - DataNucleus Enhancer for API "JPA"
10:51:52,790 (main) INFO  [DataNucleus.Enhancer] - DataNucleus Enhancer (version 3.1.1) : Enhancement of classes
10:51:53,077 (main) INFO  [DataNucleus.Enhancer] - Writing class file "C:\work\repository\castillo\target\mesoncastillo\WEB-INF\classes\com\castillo\persist\entities\Album.class" with enhanced definition
10:51:53,084 (main) INFO  [DataNucleus.Enhancer] - Writing class file "C:\work\repository\castillo\target\mesoncastillo\WEB-INF\classes\com\castillo\persist\entities\Imagen.class" with enhanced definition
10:51:53,094 (main) INFO  [DataNucleus.Enhancer] - Writing class file "C:\work\repository\castillo\target\mesoncastillo\WEB-INF\classes\com\castillo\persist\entities\Mensaje.class" with enhanced definition
10:51:53,102 (main) INFO  [DataNucleus.Enhancer] - Writing class file "C:\work\repository\castillo\target\mesoncastillo\WEB-INF\classes\com\castillo\persist\entities\Web.class" with enhanced definition
10:51:53,104 (main) INFO  [DataNucleus.Enhancer] - DataNucleus Enhancer completed with success for 4 classes. Timings : input=238 ms, enhance=72 ms, total=310 ms. Consult the log for full details
10:54:02,649 (main) INFO  [DataNucleus.Enhancer] - DataNucleus Enhancer for API "JPA"
10:54:02,789 (main) INFO  [DataNucleus.Enhancer] - DataNucleus Enhancer (version 3.1.1) : Enhancement of classes
10:54:03,100 (main) INFO  [DataNucleus.Enhancer] - Writing class file "C:\work\repository\castillo\target\mesoncastillo\WEB-INF\classes\com\castillo\persist\entities\Album.class" with enhanced definition
10:54:03,107 (main) INFO  [DataNucleus.Enhancer] - Writing class file "C:\work\repository\castillo\target\mesoncastillo\WEB-INF\classes\com\castillo\persist\entities\Imagen.class" with enhanced definition
10:54:03,115 (main) INFO  [DataNucleus.Enhancer] - Writing class file "C:\work\repository\castillo\target\mesoncastillo\WEB-INF\classes\com\castillo\persist\entities\Mensaje.class" with enhanced definition
10:54:03,123 (main) INFO  [DataNucleus.Enhancer] - Writing class file "C:\work\repository\castillo\target\mesoncastillo\WEB-INF\classes\com\castillo\persist\entities\Web.class" with enhanced definition
10:54:03,125 (main) INFO  [DataNucleus.Enhancer] - DataNucleus Enhancer completed with success for 4 classes. Timings : input=260 ms, enhance=72 ms, total=332 ms. Consult the log for full details
10:54:57,023 (main) INFO  [DataNucleus.Enhancer] - DataNucleus Enhancer for API "JPA"
10:54:57,222 (main) INFO  [DataNucleus.Enhancer] - DataNucleus Enhancer (version 3.1.1) : Enhancement of classes
10:54:57,620 (main) INFO  [DataNucleus.Enhancer] - Writing class file "C:\work\repository\castillo\target\mesoncastillo\WEB-INF\classes\com\castillo\persist\entities\Album.class" with enhanced definition
10:54:57,627 (main) INFO  [DataNucleus.Enhancer] - Writing class file "C:\work\repository\castillo\target\mesoncastillo\WEB-INF\classes\com\castillo\persist\entities\Imagen.class" with enhanced definition
10:54:57,638 (main) INFO  [DataNucleus.Enhancer] - Writing class file "C:\work\repository\castillo\target\mesoncastillo\WEB-INF\classes\com\castillo\persist\entities\Mensaje.class" with enhanced definition
10:54:57,651 (main) INFO  [DataNucleus.Enhancer] - Writing class file "C:\work\repository\castillo\target\mesoncastillo\WEB-INF\classes\com\castillo\persist\entities\Web.class" with enhanced definition
10:54:57,653 (main) INFO  [DataNucleus.Enhancer] - DataNucleus Enhancer completed with success for 4 classes. Timings : input=314 ms, enhance=113 ms, total=427 ms. Consult the log for full details
